# JRE version: OpenJDK Runtime Environment (8.0_212-b04) (build 1.8.0_212-release-1586-b04)
# Java VM: OpenJDK 64-Bit Server VM (25.212-b04 mixed mode windows-amd64 compressed oops)
Heap:
 PSYoungGen      total 372224K, used 35752K [0x00000000e0000000, 0x00000000fd880000, 0x0000000100000000)
  eden space 297984K, 9% used [0x00000000e0000000,0x00000000e1b344d0,0x00000000f2300000)
  from space 74240K, 10% used [0x00000000f6880000,0x00000000f7035bc8,0x00000000fb100000)
  to   space 71168K, 0% used [0x00000000f2300000,0x00000000f2300000,0x00000000f6880000)
 ParOldGen       total 200704K, used 113747K [0x00000000a0000000, 0x00000000ac400000, 0x00000000e0000000)
  object space 200704K, 56% used [0x00000000a0000000,0x00000000a6f14fa0,0x00000000ac400000)
 Metaspace       used 135002K, capacity 142656K, committed 142784K, reserved 1173504K
  class space    used 17220K, capacity 18584K, committed 18648K, reserved 1048576K
GC Heap History (10 events):
Event: 2193.848 GC heap before
{Heap before GC invocations=36 (full 4):
 PSYoungGen      total 369152K, used 344269K [0x00000000e0000000, 0x00000000fbd80000, 0x0000000100000000)
  eden space 292864K, 100% used [0x00000000e0000000,0x00000000f1e00000,0x00000000f1e00000)
  from space 76288K, 67% used [0x00000000f1e00000,0x00000000f50334b8,0x00000000f6880000)
  to   space 74240K, 0% used [0x00000000f6880000,0x00000000f6880000,0x00000000fb100000)
 ParOldGen       total 200704K, used 75647K [0x00000000a0000000, 0x00000000ac400000, 0x00000000e0000000)
  object space 200704K, 37% used [0x00000000a0000000,0x00000000a49dfdc0,0x00000000ac400000)
 Metaspace       used 134910K, capacity 142580K, committed 142784K, reserved 1173504K
  class space    used 17219K, capacity 18584K, committed 18648K, reserved 1048576K
Event: 2193.966 GC heap after
Heap after GC invocations=36 (full 4):
 PSYoungGen      total 367104K, used 31407K [0x00000000e0000000, 0x00000000fbd80000, 0x0000000100000000)
  eden space 292864K, 0% used [0x00000000e0000000,0x00000000e0000000,0x00000000f1e00000)
  from space 74240K, 42% used [0x00000000f6880000,0x00000000f872beb0,0x00000000fb100000)
  to   space 76288K, 0% used [0x00000000f1e00000,0x00000000f1e00000,0x00000000f6880000)
 ParOldGen       total 200704K, used 92376K [0x00000000a0000000, 0x00000000ac400000, 0x00000000e0000000)
  object space 200704K, 46% used [0x00000000a0000000,0x00000000a5a363c8,0x00000000ac400000)
 Metaspace       used 134910K, capacity 142580K, committed 142784K, reserved 1173504K
  class space    used 17219K, capacity 18584K, committed 18648K, reserved 1048576K
}
Event: 2195.550 GC heap before
{Heap before GC invocations=37 (full 4):
 PSYoungGen      total 367104K, used 324271K [0x00000000e0000000, 0x00000000fbd80000, 0x0000000100000000)
  eden space 292864K, 100% used [0x00000000e0000000,0x00000000f1e00000,0x00000000f1e00000)
  from space 74240K, 42% used [0x00000000f6880000,0x00000000f872beb0,0x00000000fb100000)
  to   space 76288K, 0% used [0x00000000f1e00000,0x00000000f1e00000,0x00000000f6880000)
 ParOldGen       total 200704K, used 92376K [0x00000000a0000000, 0x00000000ac400000, 0x00000000e0000000)
  object space 200704K, 46% used [0x00000000a0000000,0x00000000a5a363c8,0x00000000ac400000)
 Metaspace       used 134940K, capacity 142656K, committed 142784K, reserved 1173504K
  class space    used 17219K, capacity 18584K, committed 18648K, reserved 1048576K
Event: 2195.639 GC heap after
Heap after GC invocations=37 (full 4):
 PSYoungGen      total 369152K, used 22594K [0x00000000e0000000, 0x00000000fbd80000, 0x0000000100000000)
  eden space 292864K, 0% used [0x00000000e0000000,0x00000000e0000000,0x00000000f1e00000)
  from space 76288K, 29% used [0x00000000f1e00000,0x00000000f3410b38,0x00000000f6880000)
  to   space 74240K, 0% used [0x00000000f6880000,0x00000000f6880000,0x00000000fb100000)
 ParOldGen       total 200704K, used 102940K [0x00000000a0000000, 0x00000000ac400000, 0x00000000e0000000)
  object space 200704K, 51% used [0x00000000a0000000,0x00000000a6487100,0x00000000ac400000)
 Metaspace       used 134940K, capacity 142656K, committed 142784K, reserved 1173504K
  class space    used 17219K, capacity 18584K, committed 18648K, reserved 1048576K
}
Event: 2197.068 GC heap before
{Heap before GC invocations=38 (full 4):
 PSYoungGen      total 369152K, used 315458K [0x00000000e0000000, 0x00000000fbd80000, 0x0000000100000000)
  eden space 292864K, 100% used [0x00000000e0000000,0x00000000f1e00000,0x00000000f1e00000)
  from space 76288K, 29% used [0x00000000f1e00000,0x00000000f3410b38,0x00000000f6880000)
  to   space 74240K, 0% used [0x00000000f6880000,0x00000000f6880000,0x00000000fb100000)
 ParOldGen       total 200704K, used 102940K [0x00000000a0000000, 0x00000000ac400000, 0x00000000e0000000)
  object space 200704K, 51% used [0x00000000a0000000,0x00000000a6487100,0x00000000ac400000)
 Metaspace       used 134961K, capacity 142656K, committed 142784K, reserved 1173504K
  class space    used 17219K, capacity 18584K, committed 18648K, reserved 1048576K
Event: 2197.122 GC heap after
Heap after GC invocations=38 (full 4):
 PSYoungGen      total 367104K, used 19349K [0x00000000e0000000, 0x00000000fbd80000, 0x0000000100000000)
  eden space 292864K, 0% used [0x00000000e0000000,0x00000000e0000000,0x00000000f1e00000)
  from space 74240K, 26% used [0x00000000f6880000,0x00000000f7b65460,0x00000000fb100000)
  to   space 76288K, 0% used [0x00000000f1e00000,0x00000000f1e00000,0x00000000f6880000)
 ParOldGen       total 200704K, used 110834K [0x00000000a0000000, 0x00000000ac400000, 0x00000000e0000000)
  object space 200704K, 55% used [0x00000000a0000000,0x00000000a6c3cb20,0x00000000ac400000)
 Metaspace       used 134961K, capacity 142656K, committed 142784K, reserved 1173504K
  class space    used 17219K, capacity 18584K, committed 18648K, reserved 1048576K
}
Event: 2198.486 GC heap before
{Heap before GC invocations=39 (full 4):
 PSYoungGen      total 367104K, used 312213K [0x00000000e0000000, 0x00000000fbd80000, 0x0000000100000000)
  eden space 292864K, 100% used [0x00000000e0000000,0x00000000f1e00000,0x00000000f1e00000)
  from space 74240K, 26% used [0x00000000f6880000,0x00000000f7b65460,0x00000000fb100000)
  to   space 76288K, 0% used [0x00000000f1e00000,0x00000000f1e00000,0x00000000f6880000)
 ParOldGen       total 200704K, used 110834K [0x00000000a0000000, 0x00000000ac400000, 0x00000000e0000000)
  object space 200704K, 55% used [0x00000000a0000000,0x00000000a6c3cb20,0x00000000ac400000)
 Metaspace       used 134970K, capacity 142656K, committed 142784K, reserved 1173504K
  class space    used 17219K, capacity 18584K, committed 18648K, reserved 1048576K
Event: 2198.523 GC heap after
Heap after GC invocations=39 (full 4):
 PSYoungGen      total 369152K, used 15531K [0x00000000e0000000, 0x00000000fbd80000, 0x0000000100000000)
  eden space 292864K, 0% used [0x00000000e0000000,0x00000000e0000000,0x00000000f1e00000)
  from space 76288K, 20% used [0x00000000f1e00000,0x00000000f2d2aeb8,0x00000000f6880000)
  to   space 74240K, 0% used [0x00000000f6880000,0x00000000f6880000,0x00000000fb100000)
 ParOldGen       total 200704K, used 113443K [0x00000000a0000000, 0x00000000ac400000, 0x00000000e0000000)
  object space 200704K, 56% used [0x00000000a0000000,0x00000000a6ec8f90,0x00000000ac400000)
 Metaspace       used 134970K, capacity 142656K, committed 142784K, reserved 1173504K
  class space    used 17219K, capacity 18584K, committed 18648K, reserved 1048576K
}
Event: 2199.863 GC heap before
{Heap before GC invocations=40 (full 4):
 PSYoungGen      total 369152K, used 308395K [0x00000000e0000000, 0x00000000fbd80000, 0x0000000100000000)
  eden space 292864K, 100% used [0x00000000e0000000,0x00000000f1e00000,0x00000000f1e00000)
  from space 76288K, 20% used [0x00000000f1e00000,0x00000000f2d2aeb8,0x00000000f6880000)
  to   space 74240K, 0% used [0x00000000f6880000,0x00000000f6880000,0x00000000fb100000)
 ParOldGen       total 200704K, used 113443K [0x00000000a0000000, 0x00000000ac400000, 0x00000000e0000000)
  object space 200704K, 56% used [0x00000000a0000000,0x00000000a6ec8f90,0x00000000ac400000)
 Metaspace       used 135000K, capacity 142656K, committed 142784K, reserved 1173504K
  class space    used 17220K, capacity 18584K, committed 18648K, reserved 1048576K
Event: 2199.879 GC heap after
Heap after GC invocations=40 (full 4):
 PSYoungGen      total 372224K, used 7894K [0x00000000e0000000, 0x00000000fd880000, 0x0000000100000000)
  eden space 297984K, 0% used [0x00000000e0000000,0x00000000e0000000,0x00000000f2300000)
  from space 74240K, 10% used [0x00000000f6880000,0x00000000f7035bc8,0x00000000fb100000)
  to   space 71168K, 0% used [0x00000000f2300000,0x00000000f2300000,0x00000000f6880000)
 ParOldGen       total 200704K, used 113747K [0x00000000a0000000, 0x00000000ac400000, 0x00000000e0000000)
  object space 200704K, 56% used [0x00000000a0000000,0x00000000a6f14fa0,0x00000000ac400000)
 Metaspace       used 135000K, capacity 142656K, committed 142784K, reserved 1173504K
  class space    used 17220K, capacity 18584K, committed 18648K, reserved 1048576K
}

