# JRE version: OpenJDK Runtime Environment (8.0_242-b01) (build 1.8.0_242-release-1644-b01)
# Java VM: OpenJDK 64-Bit Server VM (25.242-b01 mixed mode windows-amd64 compressed oops)
Heap:
 PSYoungGen      total 178688K, used 24688K [0x00000000e0000000, 0x00000000ecf80000, 0x0000000100000000)
  eden space 160256K, 7% used [0x00000000e0000000,0x00000000e0b47498,0x00000000e9c80000)
  from space 18432K, 71% used [0x00000000e9c80000,0x00000000ea954b90,0x00000000eae80000)
  to   space 17920K, 0% used [0x00000000eae80000,0x00000000eae80000,0x00000000ec000000)
 ParOldGen       total 142848K, used 32949K [0x00000000a0000000, 0x00000000a8b80000, 0x00000000e0000000)
  object space 142848K, 23% used [0x00000000a0000000,0x00000000a202d640,0x00000000a8b80000)
 Metaspace       used 64547K, capacity 67178K, committed 67352K, reserved 1107968K
  class space    used 8929K, capacity 9462K, committed 9496K, reserved 1048576K
GC Heap History (10 events):
Event: 12.480 GC heap before
{Heap before GC invocations=12 (full 2):
 PSYoungGen      total 115712K, used 103936K [0x00000000e0000000, 0x00000000ea180000, 0x0000000100000000)
  eden space 103936K, 100% used [0x00000000e0000000,0x00000000e6580000,0x00000000e6580000)
  from space 11776K, 0% used [0x00000000e6580000,0x00000000e6580000,0x00000000e7100000)
  to   space 12800K, 0% used [0x00000000e9500000,0x00000000e9500000,0x00000000ea180000)
 ParOldGen       total 95744K, used 17914K [0x00000000a0000000, 0x00000000a5d80000, 0x00000000e0000000)
  object space 95744K, 18% used [0x00000000a0000000,0x00000000a117e8c0,0x00000000a5d80000)
 Metaspace       used 44124K, capacity 45548K, committed 45736K, reserved 1089536K
  class space    used 5968K, capacity 6283K, committed 6312K, reserved 1048576K
Event: 12.499 GC heap after
Heap after GC invocations=12 (full 2):
 PSYoungGen      total 141824K, used 12220K [0x00000000e0000000, 0x00000000ea100000, 0x0000000100000000)
  eden space 129536K, 0% used [0x00000000e0000000,0x00000000e0000000,0x00000000e7e80000)
  from space 12288K, 99% used [0x00000000e9500000,0x00000000ea0ef1a8,0x00000000ea100000)
  to   space 14336K, 0% used [0x00000000e8500000,0x00000000e8500000,0x00000000e9300000)
 ParOldGen       total 95744K, used 17922K [0x00000000a0000000, 0x00000000a5d80000, 0x00000000e0000000)
  object space 95744K, 18% used [0x00000000a0000000,0x00000000a11808c0,0x00000000a5d80000)
 Metaspace       used 44124K, capacity 45548K, committed 45736K, reserved 1089536K
  class space    used 5968K, capacity 6283K, committed 6312K, reserved 1048576K
}
Event: 15.743 GC heap before
{Heap before GC invocations=13 (full 2):
 PSYoungGen      total 141824K, used 141756K [0x00000000e0000000, 0x00000000ea100000, 0x0000000100000000)
  eden space 129536K, 100% used [0x00000000e0000000,0x00000000e7e80000,0x00000000e7e80000)
  from space 12288K, 99% used [0x00000000e9500000,0x00000000ea0ef1a8,0x00000000ea100000)
  to   space 14336K, 0% used [0x00000000e8500000,0x00000000e8500000,0x00000000e9300000)
 ParOldGen       total 95744K, used 17922K [0x00000000a0000000, 0x00000000a5d80000, 0x00000000e0000000)
  object space 95744K, 18% used [0x00000000a0000000,0x00000000a11808c0,0x00000000a5d80000)
 Metaspace       used 54048K, capacity 55896K, committed 55976K, reserved 1097728K
  class space    used 7416K, capacity 7785K, committed 7848K, reserved 1048576K
Event: 15.780 GC heap after
Heap after GC invocations=13 (full 2):
 PSYoungGen      total 150528K, used 14334K [0x00000000e0000000, 0x00000000ec000000, 0x0000000100000000)
  eden space 136192K, 0% used [0x00000000e0000000,0x00000000e0000000,0x00000000e8500000)
  from space 14336K, 99% used [0x00000000e8500000,0x00000000e92ff9d0,0x00000000e9300000)
  to   space 17920K, 0% used [0x00000000eae80000,0x00000000eae80000,0x00000000ec000000)
 ParOldGen       total 95744K, used 23588K [0x00000000a0000000, 0x00000000a5d80000, 0x00000000e0000000)
  object space 95744K, 24% used [0x00000000a0000000,0x00000000a1709228,0x00000000a5d80000)
 Metaspace       used 54048K, capacity 55896K, committed 55976K, reserved 1097728K
  class space    used 7416K, capacity 7785K, committed 7848K, reserved 1048576K
}
Event: 17.204 GC heap before
{Heap before GC invocations=14 (full 2):
 PSYoungGen      total 150528K, used 71727K [0x00000000e0000000, 0x00000000ec000000, 0x0000000100000000)
  eden space 136192K, 42% used [0x00000000e0000000,0x00000000e380c5b0,0x00000000e8500000)
  from space 14336K, 99% used [0x00000000e8500000,0x00000000e92ff9d0,0x00000000e9300000)
  to   space 17920K, 0% used [0x00000000eae80000,0x00000000eae80000,0x00000000ec000000)
 ParOldGen       total 95744K, used 23588K [0x00000000a0000000, 0x00000000a5d80000, 0x00000000e0000000)
  object space 95744K, 24% used [0x00000000a0000000,0x00000000a1709228,0x00000000a5d80000)
 Metaspace       used 57010K, capacity 59050K, committed 59160K, reserved 1099776K
  class space    used 7922K, capacity 8406K, committed 8472K, reserved 1048576K
Event: 17.251 GC heap after
Heap after GC invocations=14 (full 2):
 PSYoungGen      total 178176K, used 12324K [0x00000000e0000000, 0x00000000ecf80000, 0x0000000100000000)
  eden space 160256K, 0% used [0x00000000e0000000,0x00000000e0000000,0x00000000e9c80000)
  from space 17920K, 68% used [0x00000000eae80000,0x00000000eba89300,0x00000000ec000000)
  to   space 18432K, 0% used [0x00000000e9c80000,0x00000000e9c80000,0x00000000eae80000)
 ParOldGen       total 95744K, used 28754K [0x00000000a0000000, 0x00000000a5d80000, 0x00000000e0000000)
  object space 95744K, 30% used [0x00000000a0000000,0x00000000a1c14ab0,0x00000000a5d80000)
 Metaspace       used 57010K, capacity 59050K, committed 59160K, reserved 1099776K
  class space    used 7922K, capacity 8406K, committed 8472K, reserved 1048576K
}
Event: 17.251 GC heap before
{Heap before GC invocations=15 (full 3):
 PSYoungGen      total 178176K, used 12324K [0x00000000e0000000, 0x00000000ecf80000, 0x0000000100000000)
  eden space 160256K, 0% used [0x00000000e0000000,0x00000000e0000000,0x00000000e9c80000)
  from space 17920K, 68% used [0x00000000eae80000,0x00000000eba89300,0x00000000ec000000)
  to   space 18432K, 0% used [0x00000000e9c80000,0x00000000e9c80000,0x00000000eae80000)
 ParOldGen       total 95744K, used 28754K [0x00000000a0000000, 0x00000000a5d80000, 0x00000000e0000000)
  object space 95744K, 30% used [0x00000000a0000000,0x00000000a1c14ab0,0x00000000a5d80000)
 Metaspace       used 57010K, capacity 59050K, committed 59160K, reserved 1099776K
  class space    used 7922K, capacity 8406K, committed 8472K, reserved 1048576K
Event: 17.701 GC heap after
Heap after GC invocations=15 (full 3):
 PSYoungGen      total 178176K, used 0K [0x00000000e0000000, 0x00000000ecf80000, 0x0000000100000000)
  eden space 160256K, 0% used [0x00000000e0000000,0x00000000e0000000,0x00000000e9c80000)
  from space 17920K, 0% used [0x00000000eae80000,0x00000000eae80000,0x00000000ec000000)
  to   space 18432K, 0% used [0x00000000e9c80000,0x00000000e9c80000,0x00000000eae80000)
 ParOldGen       total 142848K, used 32941K [0x00000000a0000000, 0x00000000a8b80000, 0x00000000e0000000)
  object space 142848K, 23% used [0x00000000a0000000,0x00000000a202b640,0x00000000a8b80000)
 Metaspace       used 57004K, capacity 59032K, committed 59160K, reserved 1099776K
  class space    used 7920K, capacity 8403K, committed 8472K, reserved 1048576K
}
Event: 22.773 GC heap before
{Heap before GC invocations=16 (full 3):
 PSYoungGen      total 178176K, used 160256K [0x00000000e0000000, 0x00000000ecf80000, 0x0000000100000000)
  eden space 160256K, 100% used [0x00000000e0000000,0x00000000e9c80000,0x00000000e9c80000)
  from space 17920K, 0% used [0x00000000eae80000,0x00000000eae80000,0x00000000ec000000)
  to   space 18432K, 0% used [0x00000000e9c80000,0x00000000e9c80000,0x00000000eae80000)
 ParOldGen       total 142848K, used 32941K [0x00000000a0000000, 0x00000000a8b80000, 0x00000000e0000000)
  object space 142848K, 23% used [0x00000000a0000000,0x00000000a202b640,0x00000000a8b80000)
 Metaspace       used 64486K, capacity 67130K, committed 67352K, reserved 1107968K
  class space    used 8924K, capacity 9454K, committed 9496K, reserved 1048576K
Event: 22.799 GC heap after
Heap after GC invocations=16 (full 3):
 PSYoungGen      total 178688K, used 13138K [0x00000000e0000000, 0x00000000ecf80000, 0x0000000100000000)
  eden space 160256K, 0% used [0x00000000e0000000,0x00000000e0000000,0x00000000e9c80000)
  from space 18432K, 71% used [0x00000000e9c80000,0x00000000ea954b90,0x00000000eae80000)
  to   space 17920K, 0% used [0x00000000eae80000,0x00000000eae80000,0x00000000ec000000)
 ParOldGen       total 142848K, used 32949K [0x00000000a0000000, 0x00000000a8b80000, 0x00000000e0000000)
  object space 142848K, 23% used [0x00000000a0000000,0x00000000a202d640,0x00000000a8b80000)
 Metaspace       used 64486K, capacity 67130K, committed 67352K, reserved 1107968K
  class space    used 8924K, capacity 9454K, committed 9496K, reserved 1048576K
}

