# JRE version: OpenJDK Runtime Environment (8.0_212-b04) (build 1.8.0_212-release-1586-b04)
# Java VM: OpenJDK 64-Bit Server VM (25.212-b04 mixed mode windows-amd64 compressed oops)
Heap:
 PSYoungGen      total 232960K, used 114453K [0x00000000e0000000, 0x00000000f0200000, 0x0000000100000000)
  eden space 211968K, 53% used [0x00000000e0000000,0x00000000e6fc57c8,0x00000000ecf00000)
  from space 20992K, 0% used [0x00000000eed80000,0x00000000eed80000,0x00000000f0200000)
  to   space 26112K, 0% used [0x00000000ecf00000,0x00000000ecf00000,0x00000000ee880000)
 ParOldGen       total 137728K, used 44425K [0x00000000a0000000, 0x00000000a8680000, 0x00000000e0000000)
  object space 137728K, 32% used [0x00000000a0000000,0x00000000a2b62790,0x00000000a8680000)
 Metaspace       used 79787K, capacity 82784K, committed 83032K, reserved 1122304K
  class space    used 10411K, capacity 11061K, committed 11096K, reserved 1048576K
GC Heap History (10 events):
Event: 22.775 GC heap before
{Heap before GC invocations=16 (full 3):
 PSYoungGen      total 188928K, used 170496K [0x00000000e0000000, 0x00000000ed580000, 0x0000000100000000)
  eden space 170496K, 100% used [0x00000000e0000000,0x00000000ea680000,0x00000000ea680000)
  from space 18432K, 0% used [0x00000000eb880000,0x00000000eb880000,0x00000000eca80000)
  to   space 18432K, 0% used [0x00000000ea680000,0x00000000ea680000,0x00000000eb880000)
 ParOldGen       total 137728K, used 31070K [0x00000000a0000000, 0x00000000a8680000, 0x00000000e0000000)
  object space 137728K, 22% used [0x00000000a0000000,0x00000000a1e57af0,0x00000000a8680000)
 Metaspace       used 62908K, capacity 65170K, committed 65496K, reserved 1105920K
  class space    used 8583K, capacity 9076K, committed 9176K, reserved 1048576K
Event: 22.803 GC heap after
Heap after GC invocations=16 (full 3):
 PSYoungGen      total 188928K, used 17416K [0x00000000e0000000, 0x00000000eec00000, 0x0000000100000000)
  eden space 170496K, 0% used [0x00000000e0000000,0x00000000e0000000,0x00000000ea680000)
  from space 18432K, 94% used [0x00000000ea680000,0x00000000eb782080,0x00000000eb880000)
  to   space 20992K, 0% used [0x00000000ed780000,0x00000000ed780000,0x00000000eec00000)
 ParOldGen       total 137728K, used 31078K [0x00000000a0000000, 0x00000000a8680000, 0x00000000e0000000)
  object space 137728K, 22% used [0x00000000a0000000,0x00000000a1e59af0,0x00000000a8680000)
 Metaspace       used 62908K, capacity 65170K, committed 65496K, reserved 1105920K
  class space    used 8583K, capacity 9076K, committed 9176K, reserved 1048576K
}
Event: 90.866 GC heap before
{Heap before GC invocations=17 (full 3):
 PSYoungGen      total 188928K, used 187912K [0x00000000e0000000, 0x00000000eec00000, 0x0000000100000000)
  eden space 170496K, 100% used [0x00000000e0000000,0x00000000ea680000,0x00000000ea680000)
  from space 18432K, 94% used [0x00000000ea680000,0x00000000eb782080,0x00000000eb880000)
  to   space 20992K, 0% used [0x00000000ed780000,0x00000000ed780000,0x00000000eec00000)
 ParOldGen       total 137728K, used 31078K [0x00000000a0000000, 0x00000000a8680000, 0x00000000e0000000)
  object space 137728K, 22% used [0x00000000a0000000,0x00000000a1e59af0,0x00000000a8680000)
 Metaspace       used 69016K, capacity 71654K, committed 71768K, reserved 1112064K
  class space    used 9213K, capacity 9780K, committed 9816K, reserved 1048576K
Event: 90.910 GC heap after
Heap after GC invocations=17 (full 3):
 PSYoungGen      total 215552K, used 20962K [0x00000000e0000000, 0x00000000eef00000, 0x0000000100000000)
  eden space 194560K, 0% used [0x00000000e0000000,0x00000000e0000000,0x00000000ebe00000)
  from space 20992K, 99% used [0x00000000ed780000,0x00000000eebf8940,0x00000000eec00000)
  to   space 25088K, 0% used [0x00000000ebe00000,0x00000000ebe00000,0x00000000ed680000)
 ParOldGen       total 137728K, used 33920K [0x00000000a0000000, 0x00000000a8680000, 0x00000000e0000000)
  object space 137728K, 24% used [0x00000000a0000000,0x00000000a2120358,0x00000000a8680000)
 Metaspace       used 69016K, capacity 71654K, committed 71768K, reserved 1112064K
  class space    used 9213K, capacity 9780K, committed 9816K, reserved 1048576K
}
Event: 316.808 GC heap before
{Heap before GC invocations=18 (full 3):
 PSYoungGen      total 215552K, used 215522K [0x00000000e0000000, 0x00000000eef00000, 0x0000000100000000)
  eden space 194560K, 100% used [0x00000000e0000000,0x00000000ebe00000,0x00000000ebe00000)
  from space 20992K, 99% used [0x00000000ed780000,0x00000000eebf8940,0x00000000eec00000)
  to   space 25088K, 0% used [0x00000000ebe00000,0x00000000ebe00000,0x00000000ed680000)
 ParOldGen       total 137728K, used 33920K [0x00000000a0000000, 0x00000000a8680000, 0x00000000e0000000)
  object space 137728K, 24% used [0x00000000a0000000,0x00000000a2120358,0x00000000a8680000)
 Metaspace       used 71901K, capacity 74722K, committed 74968K, reserved 1114112K
  class space    used 9532K, capacity 10136K, committed 10200K, reserved 1048576K
Event: 316.845 GC heap after
Heap after GC invocations=18 (full 3):
 PSYoungGen      total 219648K, used 19345K [0x00000000e0000000, 0x00000000f0780000, 0x0000000100000000)
  eden space 194560K, 0% used [0x00000000e0000000,0x00000000e0000000,0x00000000ebe00000)
  from space 25088K, 77% used [0x00000000ebe00000,0x00000000ed0e47a8,0x00000000ed680000)
  to   space 26624K, 0% used [0x00000000eed80000,0x00000000eed80000,0x00000000f0780000)
 ParOldGen       total 137728K, used 46058K [0x00000000a0000000, 0x00000000a8680000, 0x00000000e0000000)
  object space 137728K, 33% used [0x00000000a0000000,0x00000000a2cfa9c8,0x00000000a8680000)
 Metaspace       used 71901K, capacity 74722K, committed 74968K, reserved 1114112K
  class space    used 9532K, capacity 10136K, committed 10200K, reserved 1048576K
}
Event: 464.535 GC heap before
{Heap before GC invocations=19 (full 3):
 PSYoungGen      total 219648K, used 132154K [0x00000000e0000000, 0x00000000f0780000, 0x0000000100000000)
  eden space 194560K, 57% used [0x00000000e0000000,0x00000000e6e2a080,0x00000000ebe00000)
  from space 25088K, 77% used [0x00000000ebe00000,0x00000000ed0e47a8,0x00000000ed680000)
  to   space 26624K, 0% used [0x00000000eed80000,0x00000000eed80000,0x00000000f0780000)
 ParOldGen       total 137728K, used 46058K [0x00000000a0000000, 0x00000000a8680000, 0x00000000e0000000)
  object space 137728K, 33% used [0x00000000a0000000,0x00000000a2cfa9c8,0x00000000a8680000)
 Metaspace       used 73033K, capacity 76050K, committed 76120K, reserved 1120256K
  class space    used 9675K, capacity 10309K, committed 10328K, reserved 1048576K
Event: 464.553 GC heap after
Heap after GC invocations=19 (full 3):
 PSYoungGen      total 232960K, used 7584K [0x00000000e0000000, 0x00000000f0200000, 0x0000000100000000)
  eden space 211968K, 0% used [0x00000000e0000000,0x00000000e0000000,0x00000000ecf00000)
  from space 20992K, 36% used [0x00000000eed80000,0x00000000ef4e8358,0x00000000f0200000)
  to   space 26112K, 0% used [0x00000000ecf00000,0x00000000ecf00000,0x00000000ee880000)
 ParOldGen       total 137728K, used 46066K [0x00000000a0000000, 0x00000000a8680000, 0x00000000e0000000)
  object space 137728K, 33% used [0x00000000a0000000,0x00000000a2cfc9c8,0x00000000a8680000)
 Metaspace       used 73033K, capacity 76050K, committed 76120K, reserved 1120256K
  class space    used 9675K, capacity 10309K, committed 10328K, reserved 1048576K
}
Event: 464.553 GC heap before
{Heap before GC invocations=20 (full 4):
 PSYoungGen      total 232960K, used 7584K [0x00000000e0000000, 0x00000000f0200000, 0x0000000100000000)
  eden space 211968K, 0% used [0x00000000e0000000,0x00000000e0000000,0x00000000ecf00000)
  from space 20992K, 36% used [0x00000000eed80000,0x00000000ef4e8358,0x00000000f0200000)
  to   space 26112K, 0% used [0x00000000ecf00000,0x00000000ecf00000,0x00000000ee880000)
 ParOldGen       total 137728K, used 46066K [0x00000000a0000000, 0x00000000a8680000, 0x00000000e0000000)
  object space 137728K, 33% used [0x00000000a0000000,0x00000000a2cfc9c8,0x00000000a8680000)
 Metaspace       used 73033K, capacity 76050K, committed 76120K, reserved 1120256K
  class space    used 9675K, capacity 10309K, committed 10328K, reserved 1048576K
Event: 464.872 GC heap after
Heap after GC invocations=20 (full 4):
 PSYoungGen      total 232960K, used 0K [0x00000000e0000000, 0x00000000f0200000, 0x0000000100000000)
  eden space 211968K, 0% used [0x00000000e0000000,0x00000000e0000000,0x00000000ecf00000)
  from space 20992K, 0% used [0x00000000eed80000,0x00000000eed80000,0x00000000f0200000)
  to   space 26112K, 0% used [0x00000000ecf00000,0x00000000ecf00000,0x00000000ee880000)
 ParOldGen       total 137728K, used 44425K [0x00000000a0000000, 0x00000000a8680000, 0x00000000e0000000)
  object space 137728K, 32% used [0x00000000a0000000,0x00000000a2b62790,0x00000000a8680000)
 Metaspace       used 72982K, capacity 75908K, committed 76120K, reserved 1118208K
  class space    used 9657K, capacity 10278K, committed 10328K, reserved 1048576K
}

