# JRE version: OpenJDK Runtime Environment (8.0_242-b01) (build 1.8.0_242-release-1644-b01)
# Java VM: OpenJDK 64-Bit Server VM (25.242-b01 mixed mode windows-amd64 compressed oops)
Heap:
 PSYoungGen      total 291840K, used 67138K [0x00000000e0000000, 0x00000000f3780000, 0x0000000100000000)
  eden space 279040K, 19% used [0x00000000e0000000,0x00000000e3512eb0,0x00000000f1080000)
  from space 12800K, 99% used [0x00000000f2b00000,0x00000000f377db70,0x00000000f3780000)
  to   space 18432K, 0% used [0x00000000f1380000,0x00000000f1380000,0x00000000f2580000)
 ParOldGen       total 84992K, used 25626K [0x00000000a0000000, 0x00000000a5300000, 0x00000000e0000000)
  object space 84992K, 30% used [0x00000000a0000000,0x00000000a1906b00,0x00000000a5300000)
 Metaspace       used 54719K, capacity 56568K, committed 56704K, reserved 1097728K
  class space    used 7266K, capacity 7708K, committed 7808K, reserved 1048576K
GC Heap History (10 events):
Event: 12.572 GC heap before
{Heap before GC invocations=12 (full 1):
 PSYoungGen      total 160768K, used 148288K [0x00000000e0000000, 0x00000000eab80000, 0x0000000100000000)
  eden space 147968K, 100% used [0x00000000e0000000,0x00000000e9080000,0x00000000e9080000)
  from space 12800K, 2% used [0x00000000e9d80000,0x00000000e9dd0000,0x00000000eaa00000)
  to   space 13312K, 0% used [0x00000000e9080000,0x00000000e9080000,0x00000000e9d80000)
 ParOldGen       total 60928K, used 15527K [0x00000000a0000000, 0x00000000a3b80000, 0x00000000e0000000)
  object space 60928K, 25% used [0x00000000a0000000,0x00000000a0f29ef0,0x00000000a3b80000)
 Metaspace       used 33668K, capacity 34458K, committed 34816K, reserved 1079296K
  class space    used 4519K, capacity 4741K, committed 4864K, reserved 1048576K
Event: 12.578 GC heap after
Heap after GC invocations=12 (full 1):
 PSYoungGen      total 161280K, used 4666K [0x00000000e0000000, 0x00000000ee380000, 0x0000000100000000)
  eden space 147968K, 0% used [0x00000000e0000000,0x00000000e0000000,0x00000000e9080000)
  from space 13312K, 35% used [0x00000000e9080000,0x00000000e950e9b8,0x00000000e9d80000)
  to   space 13312K, 0% used [0x00000000ed680000,0x00000000ed680000,0x00000000ee380000)
 ParOldGen       total 60928K, used 15559K [0x00000000a0000000, 0x00000000a3b80000, 0x00000000e0000000)
  object space 60928K, 25% used [0x00000000a0000000,0x00000000a0f31ef0,0x00000000a3b80000)
 Metaspace       used 33668K, capacity 34458K, committed 34816K, reserved 1079296K
  class space    used 4519K, capacity 4741K, committed 4864K, reserved 1048576K
}
Event: 13.606 GC heap before
{Heap before GC invocations=13 (full 1):
 PSYoungGen      total 161280K, used 152634K [0x00000000e0000000, 0x00000000ee380000, 0x0000000100000000)
  eden space 147968K, 100% used [0x00000000e0000000,0x00000000e9080000,0x00000000e9080000)
  from space 13312K, 35% used [0x00000000e9080000,0x00000000e950e9b8,0x00000000e9d80000)
  to   space 13312K, 0% used [0x00000000ed680000,0x00000000ed680000,0x00000000ee380000)
 ParOldGen       total 60928K, used 15559K [0x00000000a0000000, 0x00000000a3b80000, 0x00000000e0000000)
  object space 60928K, 25% used [0x00000000a0000000,0x00000000a0f31ef0,0x00000000a3b80000)
 Metaspace       used 33672K, capacity 34458K, committed 34816K, reserved 1079296K
  class space    used 4519K, capacity 4741K, committed 4864K, reserved 1048576K
Event: 13.615 GC heap after
Heap after GC invocations=13 (full 1):
 PSYoungGen      total 215552K, used 4583K [0x00000000e0000000, 0x00000000ee100000, 0x0000000100000000)
  eden space 204800K, 0% used [0x00000000e0000000,0x00000000e0000000,0x00000000ec800000)
  from space 10752K, 42% used [0x00000000ed680000,0x00000000edaf9da8,0x00000000ee100000)
  to   space 12800K, 0% used [0x00000000ec800000,0x00000000ec800000,0x00000000ed480000)
 ParOldGen       total 60928K, used 19907K [0x00000000a0000000, 0x00000000a3b80000, 0x00000000e0000000)
  object space 60928K, 32% used [0x00000000a0000000,0x00000000a1370e30,0x00000000a3b80000)
 Metaspace       used 33672K, capacity 34458K, committed 34816K, reserved 1079296K
  class space    used 4519K, capacity 4741K, committed 4864K, reserved 1048576K
}
Event: 14.021 GC heap before
{Heap before GC invocations=14 (full 1):
 PSYoungGen      total 215552K, used 35948K [0x00000000e0000000, 0x00000000ee100000, 0x0000000100000000)
  eden space 204800K, 15% used [0x00000000e0000000,0x00000000e1ea1478,0x00000000ec800000)
  from space 10752K, 42% used [0x00000000ed680000,0x00000000edaf9da8,0x00000000ee100000)
  to   space 12800K, 0% used [0x00000000ec800000,0x00000000ec800000,0x00000000ed480000)
 ParOldGen       total 60928K, used 19907K [0x00000000a0000000, 0x00000000a3b80000, 0x00000000e0000000)
  object space 60928K, 32% used [0x00000000a0000000,0x00000000a1370e30,0x00000000a3b80000)
 Metaspace       used 34572K, capacity 35466K, committed 35496K, reserved 1079296K
  class space    used 4611K, capacity 4860K, committed 4864K, reserved 1048576K
Event: 14.036 GC heap after
Heap after GC invocations=14 (full 1):
 PSYoungGen      total 217600K, used 2004K [0x00000000e0000000, 0x00000000f3780000, 0x0000000100000000)
  eden space 204800K, 0% used [0x00000000e0000000,0x00000000e0000000,0x00000000ec800000)
  from space 12800K, 15% used [0x00000000ec800000,0x00000000ec9f5380,0x00000000ed480000)
  to   space 12800K, 0% used [0x00000000f2b00000,0x00000000f2b00000,0x00000000f3780000)
 ParOldGen       total 60928K, used 24343K [0x00000000a0000000, 0x00000000a3b80000, 0x00000000e0000000)
  object space 60928K, 39% used [0x00000000a0000000,0x00000000a17c5c48,0x00000000a3b80000)
 Metaspace       used 34572K, capacity 35466K, committed 35496K, reserved 1079296K
  class space    used 4611K, capacity 4860K, committed 4864K, reserved 1048576K
}
Event: 14.036 GC heap before
{Heap before GC invocations=15 (full 2):
 PSYoungGen      total 217600K, used 2004K [0x00000000e0000000, 0x00000000f3780000, 0x0000000100000000)
  eden space 204800K, 0% used [0x00000000e0000000,0x00000000e0000000,0x00000000ec800000)
  from space 12800K, 15% used [0x00000000ec800000,0x00000000ec9f5380,0x00000000ed480000)
  to   space 12800K, 0% used [0x00000000f2b00000,0x00000000f2b00000,0x00000000f3780000)
 ParOldGen       total 60928K, used 24343K [0x00000000a0000000, 0x00000000a3b80000, 0x00000000e0000000)
  object space 60928K, 39% used [0x00000000a0000000,0x00000000a17c5c48,0x00000000a3b80000)
 Metaspace       used 34572K, capacity 35466K, committed 35496K, reserved 1079296K
  class space    used 4611K, capacity 4860K, committed 4864K, reserved 1048576K
Event: 14.122 GC heap after
Heap after GC invocations=15 (full 2):
 PSYoungGen      total 217600K, used 0K [0x00000000e0000000, 0x00000000f3780000, 0x0000000100000000)
  eden space 204800K, 0% used [0x00000000e0000000,0x00000000e0000000,0x00000000ec800000)
  from space 12800K, 0% used [0x00000000ec800000,0x00000000ec800000,0x00000000ed480000)
  to   space 12800K, 0% used [0x00000000f2b00000,0x00000000f2b00000,0x00000000f3780000)
 ParOldGen       total 84992K, used 15361K [0x00000000a0000000, 0x00000000a5300000, 0x00000000e0000000)
  object space 84992K, 18% used [0x00000000a0000000,0x00000000a0f00648,0x00000000a5300000)
 Metaspace       used 34507K, capacity 35338K, committed 35496K, reserved 1079296K
  class space    used 4593K, capacity 4840K, committed 4864K, reserved 1048576K
}
Event: 17.736 GC heap before
{Heap before GC invocations=16 (full 2):
 PSYoungGen      total 217600K, used 204800K [0x00000000e0000000, 0x00000000f3780000, 0x0000000100000000)
  eden space 204800K, 100% used [0x00000000e0000000,0x00000000ec800000,0x00000000ec800000)
  from space 12800K, 0% used [0x00000000ec800000,0x00000000ec800000,0x00000000ed480000)
  to   space 12800K, 0% used [0x00000000f2b00000,0x00000000f2b00000,0x00000000f3780000)
 ParOldGen       total 84992K, used 15361K [0x00000000a0000000, 0x00000000a5300000, 0x00000000e0000000)
  object space 84992K, 18% used [0x00000000a0000000,0x00000000a0f00648,0x00000000a5300000)
 Metaspace       used 49874K, capacity 51328K, committed 51584K, reserved 1093632K
  class space    used 6580K, capacity 6917K, committed 7040K, reserved 1048576K
Event: 17.762 GC heap after
Heap after GC invocations=16 (full 2):
 PSYoungGen      total 291840K, used 12790K [0x00000000e0000000, 0x00000000f3780000, 0x0000000100000000)
  eden space 279040K, 0% used [0x00000000e0000000,0x00000000e0000000,0x00000000f1080000)
  from space 12800K, 99% used [0x00000000f2b00000,0x00000000f377db70,0x00000000f3780000)
  to   space 18432K, 0% used [0x00000000f1380000,0x00000000f1380000,0x00000000f2580000)
 ParOldGen       total 84992K, used 25626K [0x00000000a0000000, 0x00000000a5300000, 0x00000000e0000000)
  object space 84992K, 30% used [0x00000000a0000000,0x00000000a1906b00,0x00000000a5300000)
 Metaspace       used 49874K, capacity 51328K, committed 51584K, reserved 1093632K
  class space    used 6580K, capacity 6917K, committed 7040K, reserved 1048576K
}

