# JRE version: OpenJDK Runtime Environment (8.0_242-b01) (build 1.8.0_242-release-1644-b01)
# Java VM: OpenJDK 64-Bit Server VM (25.242-b01 mixed mode windows-amd64 compressed oops)
Heap:
 PSYoungGen      total 480256K, used 47278K [0x00000000e0000000, 0x00000000ffd00000, 0x0000000100000000)
  eden space 471040K, 10% used [0x00000000e0000000,0x00000000e2e2b908,0x00000000fcc00000)
  from space 9216K, 0% used [0x00000000fcc00000,0x00000000fcc00000,0x00000000fd500000)
  to   space 25088K, 0% used [0x00000000fe480000,0x00000000fe480000,0x00000000ffd00000)
 ParOldGen       total 104448K, used 64892K [0x00000000a0000000, 0x00000000a6600000, 0x00000000e0000000)
  object space 104448K, 62% used [0x00000000a0000000,0x00000000a3f5f228,0x00000000a6600000)
 Metaspace       used 95503K, capacity 99550K, committed 99884K, reserved 1136640K
  class space    used 12335K, capacity 13243K, committed 13356K, reserved 1048576K
GC Heap History (10 events):
Event: 57.989 GC heap before
{Heap before GC invocations=21 (full 3):
 PSYoungGen      total 344064K, used 326144K [0x00000000e0000000, 0x00000000fc180000, 0x0000000100000000)
  eden space 326144K, 100% used [0x00000000e0000000,0x00000000f3e80000,0x00000000f3e80000)
  from space 17920K, 0% used [0x00000000f3e80000,0x00000000f3e80000,0x00000000f5000000)
  to   space 17408K, 0% used [0x00000000fb080000,0x00000000fb080000,0x00000000fc180000)
 ParOldGen       total 104448K, used 42184K [0x00000000a0000000, 0x00000000a6600000, 0x00000000e0000000)
  object space 104448K, 40% used [0x00000000a0000000,0x00000000a29322c8,0x00000000a6600000)
 Metaspace       used 73011K, capacity 76290K, committed 76416K, reserved 1116160K
  class space    used 9870K, capacity 10533K, committed 10624K, reserved 1048576K
Event: 58.028 GC heap after
Heap after GC invocations=21 (full 3):
 PSYoungGen      total 420352K, used 17380K [0x00000000e0000000, 0x00000000fc180000, 0x0000000100000000)
  eden space 402944K, 0% used [0x00000000e0000000,0x00000000e0000000,0x00000000f8980000)
  from space 17408K, 99% used [0x00000000fb080000,0x00000000fc1792b8,0x00000000fc180000)
  to   space 23552K, 0% used [0x00000000f9380000,0x00000000f9380000,0x00000000faa80000)
 ParOldGen       total 104448K, used 51701K [0x00000000a0000000, 0x00000000a6600000, 0x00000000e0000000)
  object space 104448K, 49% used [0x00000000a0000000,0x00000000a327d420,0x00000000a6600000)
 Metaspace       used 73011K, capacity 76290K, committed 76416K, reserved 1116160K
  class space    used 9870K, capacity 10533K, committed 10624K, reserved 1048576K
}
Event: 262.845 GC heap before
{Heap before GC invocations=22 (full 3):
 PSYoungGen      total 420352K, used 420324K [0x00000000e0000000, 0x00000000fc180000, 0x0000000100000000)
  eden space 402944K, 100% used [0x00000000e0000000,0x00000000f8980000,0x00000000f8980000)
  from space 17408K, 99% used [0x00000000fb080000,0x00000000fc1792b8,0x00000000fc180000)
  to   space 23552K, 0% used [0x00000000f9380000,0x00000000f9380000,0x00000000faa80000)
 ParOldGen       total 104448K, used 51701K [0x00000000a0000000, 0x00000000a6600000, 0x00000000e0000000)
  object space 104448K, 49% used [0x00000000a0000000,0x00000000a327d420,0x00000000a6600000)
 Metaspace       used 83318K, capacity 87222K, committed 87552K, reserved 1124352K
  class space    used 10897K, capacity 11679K, committed 11776K, reserved 1048576K
Event: 262.943 GC heap after
Heap after GC invocations=22 (full 3):
 PSYoungGen      total 436736K, used 20629K [0x00000000e0000000, 0x0000000100000000, 0x0000000100000000)
  eden space 413184K, 0% used [0x00000000e0000000,0x00000000e0000000,0x00000000f9380000)
  from space 23552K, 87% used [0x00000000f9380000,0x00000000fa7a5750,0x00000000faa80000)
  to   space 26624K, 0% used [0x00000000fe600000,0x00000000fe600000,0x0000000100000000)
 ParOldGen       total 104448K, used 67312K [0x00000000a0000000, 0x00000000a6600000, 0x00000000e0000000)
  object space 104448K, 64% used [0x00000000a0000000,0x00000000a41bc0c0,0x00000000a6600000)
 Metaspace       used 83318K, capacity 87222K, committed 87552K, reserved 1124352K
  class space    used 10897K, capacity 11679K, committed 11776K, reserved 1048576K
}
Event: 283.239 GC heap before
{Heap before GC invocations=23 (full 3):
 PSYoungGen      total 436736K, used 433813K [0x00000000e0000000, 0x0000000100000000, 0x0000000100000000)
  eden space 413184K, 100% used [0x00000000e0000000,0x00000000f9380000,0x00000000f9380000)
  from space 23552K, 87% used [0x00000000f9380000,0x00000000fa7a5750,0x00000000faa80000)
  to   space 26624K, 0% used [0x00000000fe600000,0x00000000fe600000,0x0000000100000000)
 ParOldGen       total 104448K, used 67312K [0x00000000a0000000, 0x00000000a6600000, 0x00000000e0000000)
  object space 104448K, 64% used [0x00000000a0000000,0x00000000a41bc0c0,0x00000000a6600000)
 Metaspace       used 92381K, capacity 96320K, committed 96512K, reserved 1132544K
  class space    used 11930K, capacity 12784K, committed 12800K, reserved 1048576K
Event: 283.337 GC heap after
Heap after GC invocations=23 (full 3):
 PSYoungGen      total 497664K, used 14306K [0x00000000e0000000, 0x0000000100000000, 0x0000000100000000)
  eden space 471040K, 0% used [0x00000000e0000000,0x00000000e0000000,0x00000000fcc00000)
  from space 26624K, 53% used [0x00000000fe600000,0x00000000ff3f8b98,0x0000000100000000)
  to   space 26624K, 0% used [0x00000000fcc00000,0x00000000fcc00000,0x00000000fe600000)
 ParOldGen       total 104448K, used 80170K [0x00000000a0000000, 0x00000000a6600000, 0x00000000e0000000)
  object space 104448K, 76% used [0x00000000a0000000,0x00000000a4e4aa80,0x00000000a6600000)
 Metaspace       used 92381K, capacity 96320K, committed 96512K, reserved 1132544K
  class space    used 11930K, capacity 12784K, committed 12800K, reserved 1048576K
}
Event: 286.093 GC heap before
{Heap before GC invocations=24 (full 3):
 PSYoungGen      total 497664K, used 92153K [0x00000000e0000000, 0x0000000100000000, 0x0000000100000000)
  eden space 471040K, 16% used [0x00000000e0000000,0x00000000e4c059c8,0x00000000fcc00000)
  from space 26624K, 53% used [0x00000000fe600000,0x00000000ff3f8b98,0x0000000100000000)
  to   space 26624K, 0% used [0x00000000fcc00000,0x00000000fcc00000,0x00000000fe600000)
 ParOldGen       total 104448K, used 80170K [0x00000000a0000000, 0x00000000a6600000, 0x00000000e0000000)
  object space 104448K, 76% used [0x00000000a0000000,0x00000000a4e4aa80,0x00000000a6600000)
 Metaspace       used 94143K, capacity 98328K, committed 98348K, reserved 1134592K
  class space    used 12183K, capacity 13080K, committed 13100K, reserved 1048576K
Event: 286.126 GC heap after
Heap after GC invocations=24 (full 3):
 PSYoungGen      total 480256K, used 8886K [0x00000000e0000000, 0x00000000ffd00000, 0x0000000100000000)
  eden space 471040K, 0% used [0x00000000e0000000,0x00000000e0000000,0x00000000fcc00000)
  from space 9216K, 96% used [0x00000000fcc00000,0x00000000fd4adb68,0x00000000fd500000)
  to   space 25088K, 0% used [0x00000000fe480000,0x00000000fe480000,0x00000000ffd00000)
 ParOldGen       total 104448K, used 85965K [0x00000000a0000000, 0x00000000a6600000, 0x00000000e0000000)
  object space 104448K, 82% used [0x00000000a0000000,0x00000000a53f36d0,0x00000000a6600000)
 Metaspace       used 94143K, capacity 98328K, committed 98348K, reserved 1134592K
  class space    used 12183K, capacity 13080K, committed 13100K, reserved 1048576K
}
Event: 286.126 GC heap before
{Heap before GC invocations=25 (full 4):
 PSYoungGen      total 480256K, used 8886K [0x00000000e0000000, 0x00000000ffd00000, 0x0000000100000000)
  eden space 471040K, 0% used [0x00000000e0000000,0x00000000e0000000,0x00000000fcc00000)
  from space 9216K, 96% used [0x00000000fcc00000,0x00000000fd4adb68,0x00000000fd500000)
  to   space 25088K, 0% used [0x00000000fe480000,0x00000000fe480000,0x00000000ffd00000)
 ParOldGen       total 104448K, used 85965K [0x00000000a0000000, 0x00000000a6600000, 0x00000000e0000000)
  object space 104448K, 82% used [0x00000000a0000000,0x00000000a53f36d0,0x00000000a6600000)
 Metaspace       used 94143K, capacity 98328K, committed 98348K, reserved 1134592K
  class space    used 12183K, capacity 13080K, committed 13100K, reserved 1048576K
Event: 286.760 GC heap after
Heap after GC invocations=25 (full 4):
 PSYoungGen      total 480256K, used 0K [0x00000000e0000000, 0x00000000ffd00000, 0x0000000100000000)
  eden space 471040K, 0% used [0x00000000e0000000,0x00000000e0000000,0x00000000fcc00000)
  from space 9216K, 0% used [0x00000000fcc00000,0x00000000fcc00000,0x00000000fd500000)
  to   space 25088K, 0% used [0x00000000fe480000,0x00000000fe480000,0x00000000ffd00000)
 ParOldGen       total 104448K, used 64892K [0x00000000a0000000, 0x00000000a6600000, 0x00000000e0000000)
  object space 104448K, 62% used [0x00000000a0000000,0x00000000a3f5f228,0x00000000a6600000)
 Metaspace       used 93985K, capacity 97868K, committed 98348K, reserved 1134592K
  class space    used 12131K, capacity 12988K, committed 13100K, reserved 1048576K
}

